{"numTotalTestSuites":57,"numPassedTestSuites":55,"numFailedTestSuites":2,"numPendingTestSuites":0,"numTotalTests":197,"numPassedTests":197,"numFailedTests":0,"numPendingTests":0,"numTodoTests":0,"snapshot":{"added":0,"failure":false,"filesAdded":0,"filesRemoved":0,"filesRemovedList":[],"filesUnmatched":0,"filesUpdated":0,"matched":0,"total":0,"unchecked":0,"uncheckedKeysByFile":[],"unmatched":0,"updated":0,"didUpdate":false},"startTime":1780846700055,"success":false,"testResults":[{"assertionResults":[{"ancestorTitles":["register"],"fullName":"register adds packet to pending","status":"passed","title":"adds packet to pending","duration":1.6175480000000562,"failureMessages":[],"meta":{},"tags":[]},{"ancestorTitles":["register"],"fullName":"register pending count grows with each registered packet","status":"passed","title":"pending count grows with each registered packet","duration":0.20481699999993452,"failureMessages":[],"meta":{},"tags":[]},{"ancestorTitles":["register"],"fullName":"register registered packet is immediately hasPending","status":"passed","title":"registered packet is immediately hasPending","duration":0.16533000000003995,"failureMessages":[],"meta":{},"tags":[]},{"ancestorTitles":["register"],"fullName":"register registered packet is not yet acked","status":"passed","title":"registered packet is not yet acked","duration":0.14932099999998627,"failureMessages":[],"meta":{},"tags":[]},{"ancestorTitles":["acknowledge"],"fullName":"acknowledge returns true for a pending packet","status":"passed","title":"returns true for a pending packet","duration":0.2899640000000545,"failureMessages":[],"meta":{},"tags":[]},{"ancestorTitles":["acknowledge"],"fullName":"acknowledge returns false for unknown packet","status":"passed","title":"returns false for unknown packet","duration":0.1613680000000386,"failureMessages":[],"meta":{},"tags":[]},{"ancestorTitles":["acknowledge"],"fullName":"acknowledge moves packet from pending to acked","status":"passed","title":"moves packet from pending to acked","duration":0.1205850000000055,"failureMessages":[],"meta":{},"tags":[]},{"ancestorTitles":["acknowledge"],"fullName":"acknowledge records correct round-trip time","status":"passed","title":"records correct round-trip time","duration":0.15210500000000593,"failureMessages":[],"meta":{},"tags":[]},{"ancestorTitles":["getTimedOut"],"fullName":"getTimedOut returns packets past their timeout","status":"passed","title":"returns packets past their timeout","duration":0.20340999999996257,"failureMessages":[],"meta":{},"tags":[]},{"ancestorTitles":["getTimedOut"],"fullName":"getTimedOut does not return packets within timeout","status":"passed","title":"does not return packets within timeout","duration":0.8318369999999504,"failureMessages":[],"meta":{},"tags":[]},{"ancestorTitles":["getTimedOut"],"fullName":"getTimedOut returns empty when no pending","status":"passed","title":"returns empty when no pending","duration":0.19214599999997972,"failureMessages":[],"meta":{},"tags":[]},{"ancestorTitles":["getTimedOut"],"fullName":"getTimedOut handles mix of timed-out and live packets","status":"passed","title":"handles mix of timed-out and live packets","duration":0.32202799999993204,"failureMessages":[],"meta":{},"tags":[]},{"ancestorTitles":["retry"],"fullName":"retry increments retry count","status":"passed","title":"increments retry count","duration":0.15561400000001413,"failureMessages":[],"meta":{},"tags":[]},{"ancestorTitles":["retry"],"fullName":"retry returns false for unknown packet","status":"passed","title":"returns false for unknown packet","duration":0.1702820000000429,"failureMessages":[],"meta":{},"tags":[]},{"ancestorTitles":["retry"],"fullName":"retry returns false when max retries reached","status":"passed","title":"returns false when max retries reached","duration":0.16438900000002832,"failureMessages":[],"meta":{},"tags":[]},{"ancestorTitles":["retry"],"fullName":"retry resets sentAt on retry to update the timeout clock","status":"passed","title":"resets sentAt on retry to update the timeout clock","duration":0.15947399999993195,"failureMessages":[],"meta":{},"tags":[]},{"ancestorTitles":["averageRoundTrip"],"fullName":"averageRoundTrip returns null when no acked packets","status":"passed","title":"returns null when no acked packets","duration":0.1273630000000594,"failureMessages":[],"meta":{},"tags":[]},{"ancestorTitles":["averageRoundTrip"],"fullName":"averageRoundTrip returns correct average across multiple packets","status":"passed","title":"returns correct average across multiple packets","duration":0.10847999999998592,"failureMessages":[],"meta":{},"tags":[]},{"ancestorTitles":["averageRoundTrip"],"fullName":"averageRoundTrip single packet average equals its round trip","status":"passed","title":"single packet average equals its round trip","duration":0.12476300000002993,"failureMessages":[],"meta":{},"tags":[]},{"ancestorTitles":["averageRoundTrip"],"fullName":"averageRoundTrip unacked packets do not affect average","status":"passed","title":"unacked packets do not affect average","duration":0.1299820000000409,"failureMessages":[],"meta":{},"tags":[]}],"startTime":1780846702422,"endTime":1780846702428.13,"status":"passed","message":"","name":"/home/runner/workspace/tests/protocol/ack-engine.test.ts"},{"assertionResults":[{"ancestorTitles":["enqueue"],"fullName":"enqueue adds a message and increases size","status":"passed","title":"adds a message and increases size","duration":1.5781829999999673,"failureMessages":[],"meta":{},"tags":[]},{"ancestorTitles":["enqueue"],"fullName":"enqueue returns false when queue is full","status":"passed","title":"returns false when queue is full","duration":0.24486000000001695,"failureMessages":[],"meta":{},"tags":[]},{"ancestorTitles":["enqueue"],"fullName":"enqueue multiple messages enqueue correctly","status":"passed","title":"multiple messages enqueue correctly","duration":0.2131329999999707,"failureMessages":[],"meta":{},"tags":[]},{"ancestorTitles":["enqueue"],"fullName":"enqueue isFull reflects capacity state","status":"passed","title":"isFull reflects capacity state","duration":0.14808599999997796,"failureMessages":[],"meta":{},"tags":[]},{"ancestorTitles":["dequeue"],"fullName":"dequeue returns null from empty queue","status":"passed","title":"returns null from empty queue","duration":0.22037199999999757,"failureMessages":[],"meta":{},"tags":[]},{"ancestorTitles":["dequeue"],"fullName":"dequeue removes and returns the message","status":"passed","title":"removes and returns the message","duration":0.21114699999998265,"failureMessages":[],"meta":{},"tags":[]},{"ancestorTitles":["dequeue"],"fullName":"dequeue prefers higher priority messages","status":"passed","title":"prefers higher priority messages","duration":0.2701940000000036,"failureMessages":[],"meta":{},"tags":[]},{"ancestorTitles":["dequeue"],"fullName":"dequeue at equal priority, FIFO ordering applies","status":"passed","title":"at equal priority, FIFO ordering applies","duration":0.1302000000000021,"failureMessages":[],"meta":{},"tags":[]},{"ancestorTitles":["dequeue"],"fullName":"dequeue filters by destination when specified","status":"passed","title":"filters by destination when specified","duration":0.2191090000000031,"failureMessages":[],"meta":{},"tags":[]},{"ancestorTitles":["dequeue"],"fullName":"dequeue returns null when destination has no messages","status":"passed","title":"returns null when destination has no messages","duration":0.2327399999999784,"failureMessages":[],"meta":{},"tags":[]},{"ancestorTitles":["pruneExpired"],"fullName":"pruneExpired removes messages past their TTL","status":"passed","title":"removes messages past their TTL","duration":0.15519100000000208,"failureMessages":[],"meta":{},"tags":[]},{"ancestorTitles":["pruneExpired"],"fullName":"pruneExpired keeps messages within TTL","status":"passed","title":"keeps messages within TTL","duration":0.22046100000000024,"failureMessages":[],"meta":{},"tags":[]},{"ancestorTitles":["pruneExpired"],"fullName":"pruneExpired handles mixed expired and live messages","status":"passed","title":"handles mixed expired and live messages","duration":0.14873799999998027,"failureMessages":[],"meta":{},"tags":[]},{"ancestorTitles":["capacity and peek"],"fullName":"capacity and peek capacity returns configured max","status":"passed","title":"capacity returns configured max","duration":0.18334699999996928,"failureMessages":[],"meta":{},"tags":[]},{"ancestorTitles":["capacity and peek"],"fullName":"capacity and peek peek returns highest priority without removing it","status":"passed","title":"peek returns highest priority without removing it","duration":0.3081399999999803,"failureMessages":[],"meta":{},"tags":[]},{"ancestorTitles":["capacity and peek"],"fullName":"capacity and peek peek returns null on empty queue","status":"passed","title":"peek returns null on empty queue","duration":0.1360339999999951,"failureMessages":[],"meta":{},"tags":[]}],"startTime":1780846702959,"endTime":1780846702964.136,"status":"passed","message":"","name":"/home/runner/workspace/tests/protocol/store-forward.test.ts"},{"assertionResults":[{"ancestorTitles":["meshGovernanceSim"],"fullName":"meshGovernanceSim returns the three governance counters","status":"passed","title":"returns the three governance counters","duration":4.03904399999999,"failureMessages":[],"meta":{},"tags":[]},{"ancestorTitles":["meshGovernanceSim"],"fullName":"meshGovernanceSim quarantines a peer on the first tick","status":"passed","title":"quarantines a peer on the first tick","duration":0.3854910000000018,"failureMessages":[],"meta":{},"tags":[]},{"ancestorTitles":["meshGovernanceSim"],"fullName":"meshGovernanceSim shapes traffic as relays carry repeated load over time","status":"passed","title":"shapes traffic as relays carry repeated load over time","duration":3.0909090000000106,"failureMessages":[],"meta":{},"tags":[]},{"ancestorTitles":["meshGovernanceSim"],"fullName":"meshGovernanceSim oscillates quarantine -> self-heal so the count returns to zero","status":"passed","title":"oscillates quarantine -> self-heal so the count returns to zero","duration":3.3853770000000623,"failureMessages":[],"meta":{},"tags":[]}],"startTime":1780846702581,"endTime":1780846702592.3855,"status":"passed","message":"","name":"/home/runner/workspace/tests/mesh/governance-sim.test.ts"},{"assertionResults":[],"startTime":1780846700055,"endTime":1780846700055,"status":"failed","message":"Cannot find module '../../artifacts/messenger-mobile/lib/mesh-core/MeshDuplicateGuard' imported from /home/runner/workspace/tests/mesh/mesh-dedup.test.ts","name":"/home/runner/workspace/tests/mesh/mesh-dedup.test.ts"},{"assertionResults":[{"ancestorTitles":["buildGraph"],"fullName":"buildGraph creates a node map with all nodes","status":"passed","title":"creates a node map with all nodes","duration":1.454067000000009,"failureMessages":[],"meta":{},"tags":[]},{"ancestorTitles":["buildGraph"],"fullName":"buildGraph stores node online status correctly","status":"passed","title":"stores node online status correctly","duration":0.20105499999999665,"failureMessages":[],"meta":{},"tags":[]},{"ancestorTitles":["buildGraph"],"fullName":"buildGraph stores all edges","status":"passed","title":"stores all edges","duration":0.6893989999999803,"failureMessages":[],"meta":{},"tags":[]},{"ancestorTitles":["buildGraph"],"fullName":"buildGraph allows empty graph","status":"passed","title":"allows empty graph","duration":0.2802070000000185,"failureMessages":[],"meta":{},"tags":[]},{"ancestorTitles":["buildGraph"],"fullName":"buildGraph single node graph","status":"passed","title":"single node graph","duration":0.15430900000001202,"failureMessages":[],"meta":{},"tags":[]},{"ancestorTitles":["buildGraph"],"fullName":"buildGraph preserves edge quality values","status":"passed","title":"preserves edge quality values","duration":0.1254750000000513,"failureMessages":[],"meta":{},"tags":[]},{"ancestorTitles":["getNeighbors"],"fullName":"getNeighbors returns edges connected to node","status":"passed","title":"returns edges connected to node","duration":0.22712799999999334,"failureMessages":[],"meta":{},"tags":[]},{"ancestorTitles":["getNeighbors"],"fullName":"getNeighbors includes edges in both directions","status":"passed","title":"includes edges in both directions","duration":0.16633200000001125,"failureMessages":[],"meta":{},"tags":[]},{"ancestorTitles":["getNeighbors"],"fullName":"getNeighbors returns empty for isolated node","status":"passed","title":"returns empty for isolated node","duration":0.2270979999999554,"failureMessages":[],"meta":{},"tags":[]},{"ancestorTitles":["getNeighbors"],"fullName":"getNeighbors filters out zero-quality edges","status":"passed","title":"filters out zero-quality edges","duration":0.2207740000000058,"failureMessages":[],"meta":{},"tags":[]},{"ancestorTitles":["shortestPath"],"fullName":"shortestPath finds direct path A→B","status":"passed","title":"finds direct path A→B","duration":0.40158199999996214,"failureMessages":[],"meta":{},"tags":[]},{"ancestorTitles":["shortestPath"],"fullName":"shortestPath finds multi-hop path A→C","status":"passed","title":"finds multi-hop path A→C","duration":0.23208999999997104,"failureMessages":[],"meta":{},"tags":[]},{"ancestorTitles":["shortestPath"],"fullName":"shortestPath returns null when destination is offline","status":"passed","title":"returns null when destination is offline","duration":0.08961999999996806,"failureMessages":[],"meta":{},"tags":[]},{"ancestorTitles":["shortestPath"],"fullName":"shortestPath returns null when source is offline","status":"passed","title":"returns null when source is offline","duration":0.16907400000002326,"failureMessages":[],"meta":{},"tags":[]},{"ancestorTitles":["shortestPath"],"fullName":"shortestPath same source and destination returns 0-hop route","status":"passed","title":"same source and destination returns 0-hop route","duration":0.2285789999999679,"failureMessages":[],"meta":{},"tags":[]},{"ancestorTitles":["shortestPath"],"fullName":"shortestPath prefers higher quality path","status":"passed","title":"prefers higher quality path","duration":0.13190700000006927,"failureMessages":[],"meta":{},"tags":[]},{"ancestorTitles":["shortestPath"],"fullName":"shortestPath respects maxHops limit","status":"passed","title":"respects maxHops limit","duration":0.2100870000000441,"failureMessages":[],"meta":{},"tags":[]},{"ancestorTitles":["shortestPath"],"fullName":"shortestPath returns null for unknown source node","status":"passed","title":"returns null for unknown source node","duration":0.6870760000000473,"failureMessages":[],"meta":{},"tags":[]},{"ancestorTitles":["shortestPath"],"fullName":"shortestPath quality is minimum of all edge qualities on path","status":"passed","title":"quality is minimum of all edge qualities on path","duration":0.18362700000000132,"failureMessages":[],"meta":{},"tags":[]},{"ancestorTitles":["shortestPath"],"fullName":"shortestPath A→E path exists","status":"passed","title":"A→E path exists","duration":1.1785279999999148,"failureMessages":[],"meta":{},"tags":[]},{"ancestorTitles":["buildRouteTable"],"fullName":"buildRouteTable builds routes from origin to all online reachable nodes","status":"passed","title":"builds routes from origin to all online reachable nodes","duration":0.1921509999999671,"failureMessages":[],"meta":{},"tags":[]},{"ancestorTitles":["buildRouteTable"],"fullName":"buildRouteTable does not include offline nodes","status":"passed","title":"does not include offline nodes","duration":0.0934460000000854,"failureMessages":[],"meta":{},"tags":[]},{"ancestorTitles":["buildRouteTable"],"fullName":"buildRouteTable does not include origin itself","status":"passed","title":"does not include origin itself","duration":0.07274299999994582,"failureMessages":[],"meta":{},"tags":[]},{"ancestorTitles":["buildRouteTable"],"fullName":"buildRouteTable empty graph gives empty table","status":"passed","title":"empty graph gives empty table","duration":0.16880600000001778,"failureMessages":[],"meta":{},"tags":[]},{"ancestorTitles":["selectBestEdge"],"fullName":"selectBestEdge selects edge with highest quality","status":"passed","title":"selects edge with highest quality","duration":0.15601300000002993,"failureMessages":[],"meta":{},"tags":[]},{"ancestorTitles":["selectBestEdge"],"fullName":"selectBestEdge returns null for empty array","status":"passed","title":"returns null for empty array","duration":0.06716200000005301,"failureMessages":[],"meta":{},"tags":[]},{"ancestorTitles":["selectBestEdge"],"fullName":"selectBestEdge returns the single edge when only one","status":"passed","title":"returns the single edge when only one","duration":0.36171200000001136,"failureMessages":[],"meta":{},"tags":[]},{"ancestorTitles":["route_failover_3_hop"],"fullName":"route_failover_3_hop falls back to a 3-hop relay path when primary 1-hop relay is offline","status":"passed","title":"falls back to a 3-hop relay path when primary 1-hop relay is offline","duration":0.32864600000004884,"failureMessages":[],"meta":{},"tags":[]},{"ancestorTitles":["route_failover_3_hop"],"fullName":"route_failover_3_hop 3-hop fallback path quality is bounded by the minimum edge quality","status":"passed","title":"3-hop fallback path quality is bounded by the minimum edge quality","duration":0.1909009999999398,"failureMessages":[],"meta":{},"tags":[]},{"ancestorTitles":["route_failover_3_hop"],"fullName":"route_failover_3_hop does not route through offline relay even when it would produce fewer hops","status":"passed","title":"does not route through offline relay even when it would produce fewer hops","duration":0.4099069999999756,"failureMessages":[],"meta":{},"tags":[]},{"ancestorTitles":["route_failover_3_hop"],"fullName":"route_failover_3_hop relay retry simulation: packet delivered on second attempt after initial failure","status":"passed","title":"relay retry simulation: packet delivered on second attempt after initial failure","duration":0.12252699999999095,"failureMessages":[],"meta":{},"tags":[]},{"ancestorTitles":["route_failover_3_hop"],"fullName":"route_failover_3_hop packet with ttl=0 is never delivered even on retry","status":"passed","title":"packet with ttl=0 is never delivered even on retry","duration":0.07181900000000496,"failureMessages":[],"meta":{},"tags":[]},{"ancestorTitles":["route_failover_3_hop"],"fullName":"route_failover_3_hop stale-peer cleanup removes offline nodes from routing consideration","status":"passed","title":"stale-peer cleanup removes offline nodes from routing consideration","duration":0.2839159999999765,"failureMessages":[],"meta":{},"tags":[]},{"ancestorTitles":["PacketDeduplicator"],"fullName":"PacketDeduplicator first occurrence is not a duplicate","status":"passed","title":"first occurrence is not a duplicate","duration":0.42209699999989425,"failureMessages":[],"meta":{},"tags":[]},{"ancestorTitles":["PacketDeduplicator"],"fullName":"PacketDeduplicator second occurrence of same ID is a duplicate","status":"passed","title":"second occurrence of same ID is a duplicate","duration":0.09233199999994213,"failureMessages":[],"meta":{},"tags":[]},{"ancestorTitles":["PacketDeduplicator"],"fullName":"PacketDeduplicator different packet IDs are not duplicates of each other","status":"passed","title":"different packet IDs are not duplicates of each other","duration":0.07563399999992271,"failureMessages":[],"meta":{},"tags":[]},{"ancestorTitles":["PacketDeduplicator"],"fullName":"PacketDeduplicator packet seen after TTL expiry is not duplicate","status":"passed","title":"packet seen after TTL expiry is not duplicate","duration":0.07272100000000137,"failureMessages":[],"meta":{},"tags":[]},{"ancestorTitles":["PacketDeduplicator"],"fullName":"PacketDeduplicator size increments for each unique packet","status":"passed","title":"size increments for each unique packet","duration":0.14255299999990712,"failureMessages":[],"meta":{},"tags":[]},{"ancestorTitles":["PacketDeduplicator"],"fullName":"PacketDeduplicator size does not grow for duplicates","status":"passed","title":"size does not grow for duplicates","duration":0.10508100000004106,"failureMessages":[],"meta":{},"tags":[]},{"ancestorTitles":["PacketDeduplicator"],"fullName":"PacketDeduplicator eviction reduces size after TTL","status":"passed","title":"eviction reduces size after TTL","duration":0.38252699999998185,"failureMessages":[],"meta":{},"tags":[]}],"startTime":1780846700874,"endTime":1780846700886.3826,"status":"passed","message":"","name":"/home/runner/workspace/tests/mesh/routing.test.ts"},{"assertionResults":[{"ancestorTitles":["SelfGovernanceRoutingEngine — relay routing"],"fullName":"SelfGovernanceRoutingEngine — relay routing approves a direct route when the target peer is visible and strong","status":"passed","title":"approves a direct route when the target peer is visible and strong","duration":2.2494629999999916,"failureMessages":[],"meta":{},"tags":[]},{"ancestorTitles":["SelfGovernanceRoutingEngine — relay routing"],"fullName":"SelfGovernanceRoutingEngine — relay routing approves a relay route when the target is not directly visible","status":"passed","title":"approves a relay route when the target is not directly visible","duration":0.28447399999993195,"failureMessages":[],"meta":{},"tags":[]},{"ancestorTitles":["SelfGovernanceRoutingEngine — relay routing"],"fullName":"SelfGovernanceRoutingEngine — relay routing stores the packet for later when no peer is visible at all","status":"passed","title":"stores the packet for later when no peer is visible at all","duration":0.20606599999996433,"failureMessages":[],"meta":{},"tags":[]},{"ancestorTitles":["SelfGovernanceRoutingEngine — relay routing"],"fullName":"SelfGovernanceRoutingEngine — relay routing blocks a packet it has already seen (loop prevention)","status":"passed","title":"blocks a packet it has already seen (loop prevention)","duration":0.23311499999999796,"failureMessages":[],"meta":{},"tags":[]},{"ancestorTitles":["SelfGovernanceRoutingEngine — self-learning"],"fullName":"SelfGovernanceRoutingEngine — self-learning raises a peer's route score after successful deliveries","status":"passed","title":"raises a peer's route score after successful deliveries","duration":0.47076000000004115,"failureMessages":[],"meta":{},"tags":[]},{"ancestorTitles":["SelfGovernanceRoutingEngine — self-learning"],"fullName":"SelfGovernanceRoutingEngine — self-learning quarantines a peer whose trust collapses after repeated failures","status":"passed","title":"quarantines a peer whose trust collapses after repeated failures","duration":0.3059279999999944,"failureMessages":[],"meta":{},"tags":[]},{"ancestorTitles":["SelfGovernanceRoutingEngine — self-healing"],"fullName":"SelfGovernanceRoutingEngine — self-healing rehabilitates a quarantined peer once its cooldown has elapsed","status":"passed","title":"rehabilitates a quarantined peer once its cooldown has elapsed","duration":0.8163189999999076,"failureMessages":[],"meta":{},"tags":[]},{"ancestorTitles":["SelfGovernanceRoutingEngine — self-healing"],"fullName":"SelfGovernanceRoutingEngine — self-healing rehabilitates a struggling peer immediately on a recovering success","status":"passed","title":"rehabilitates a struggling peer immediately on a recovering success","duration":0.40968900000007125,"failureMessages":[],"meta":{},"tags":[]},{"ancestorTitles":["SelfGovernanceRoutingEngine — MauriAI traffic control"],"fullName":"SelfGovernanceRoutingEngine — MauriAI traffic control spreads relay traffic across equally-strong peers under congestion","status":"passed","title":"spreads relay traffic across equally-strong peers under congestion","duration":0.9743479999999636,"failureMessages":[],"meta":{},"tags":[]},{"ancestorTitles":["SelfGovernanceRoutingEngine — state lifecycle"],"fullName":"SelfGovernanceRoutingEngine — state lifecycle removePeer purges the peer along with its quarantine and traffic state","status":"passed","title":"removePeer purges the peer along with its quarantine and traffic state","duration":1.0000009999999975,"failureMessages":[],"meta":{},"tags":[]},{"ancestorTitles":["SelfGovernanceRoutingEngine — state lifecycle"],"fullName":"SelfGovernanceRoutingEngine — state lifecycle does not strand quarantine state for peers that have been removed","status":"passed","title":"does not strand quarantine state for peers that have been removed","duration":2.9861940000000686,"failureMessages":[],"meta":{},"tags":[]},{"ancestorTitles":["SelfGovernanceRoutingEngine — tunable thresholds"],"fullName":"SelfGovernanceRoutingEngine — tunable thresholds defaults to today's values when no config is passed","status":"passed","title":"defaults to today's values when no config is passed","duration":0.30527699999993274,"failureMessages":[],"meta":{},"tags":[]},{"ancestorTitles":["SelfGovernanceRoutingEngine — tunable thresholds"],"fullName":"SelfGovernanceRoutingEngine — tunable thresholds merges partial overrides over the defaults","status":"passed","title":"merges partial overrides over the defaults","duration":0.14004499999998643,"failureMessages":[],"meta":{},"tags":[]},{"ancestorTitles":["SelfGovernanceRoutingEngine — tunable thresholds"],"fullName":"SelfGovernanceRoutingEngine — tunable thresholds honours a custom trustBlockThreshold when quarantining a peer","status":"passed","title":"honours a custom trustBlockThreshold when quarantining a peer","duration":0.36597199999994245,"failureMessages":[],"meta":{},"tags":[]},{"ancestorTitles":["SelfGovernanceRoutingEngine — tunable thresholds"],"fullName":"SelfGovernanceRoutingEngine — tunable thresholds does not block on a single failure under the default threshold","status":"passed","title":"does not block on a single failure under the default threshold","duration":0.22251700000003893,"failureMessages":[],"meta":{},"tags":[]},{"ancestorTitles":["SelfGovernanceRoutingEngine — tunable thresholds"],"fullName":"SelfGovernanceRoutingEngine — tunable thresholds honours a custom peerBlockCooldownMs so a blocked peer rehabilitates immediately","status":"passed","title":"honours a custom peerBlockCooldownMs so a blocked peer rehabilitates immediately","duration":0.23014599999999064,"failureMessages":[],"meta":{},"tags":[]},{"ancestorTitles":["MauriMeshP2PEngine — config forwarding"],"fullName":"MauriMeshP2PEngine — config forwarding forwards the routing config to its governance engine","status":"passed","title":"forwards the routing config to its governance engine","duration":0.2850110000000541,"failureMessages":[],"meta":{},"tags":[]},{"ancestorTitles":["MauriMeshP2PEngine — config forwarding"],"fullName":"MauriMeshP2PEngine — config forwarding preserves the config across setLocalNodeId","status":"passed","title":"preserves the config across setLocalNodeId","duration":0.20191199999999299,"failureMessages":[],"meta":{},"tags":[]},{"ancestorTitles":["MauriMeshP2PEngine — config forwarding"],"fullName":"MauriMeshP2PEngine — config forwarding snapshots the passed config so later external mutation cannot leak in","status":"passed","title":"snapshots the passed config so later external mutation cannot leak in","duration":0.1285050000000183,"failureMessages":[],"meta":{},"tags":[]},{"ancestorTitles":["routing config defaults"],"fullName":"routing config defaults are frozen so they cannot be mutated process-wide","status":"passed","title":"are frozen so they cannot be mutated process-wide","duration":0.14769300000000385,"failureMessages":[],"meta":{},"tags":[]}],"startTime":1780846702696,"endTime":1780846702709.202,"status":"passed","message":"","name":"/home/runner/workspace/tests/mesh/self-governance-engine.test.ts"},{"assertionResults":[],"startTime":1780846700055,"endTime":1780846700055,"status":"failed","message":"Cannot find module '../../artifacts/maurimesh/src/pages/settings/routeConfig' imported from /home/runner/workspace/tests/ui/settings-routes.test.ts","name":"/home/runner/workspace/tests/ui/settings-routes.test.ts"},{"assertionResults":[{"ancestorTitles":["formatTimeLabel"],"fullName":"formatTimeLabel formats midnight as 00:00","status":"passed","title":"formats midnight as 00:00","duration":3.6320030000000543,"failureMessages":[],"meta":{},"tags":[]},{"ancestorTitles":["formatTimeLabel"],"fullName":"formatTimeLabel formats noon as 12:00","status":"passed","title":"formats noon as 12:00","duration":0.2877169999999296,"failureMessages":[],"meta":{},"tags":[]},{"ancestorTitles":["formatTimeLabel"],"fullName":"formatTimeLabel pads single-digit hours and minutes","status":"passed","title":"pads single-digit hours and minutes","duration":0.22189000000003034,"failureMessages":[],"meta":{},"tags":[]},{"ancestorTitles":["formatTimeLabel"],"fullName":"formatTimeLabel formats 23:59 correctly","status":"passed","title":"formats 23:59 correctly","duration":0.30084099999999125,"failureMessages":[],"meta":{},"tags":[]},{"ancestorTitles":["buildDisplayMessages"],"fullName":"buildDisplayMessages marks messages from myId as isMine=true","status":"passed","title":"marks messages from myId as isMine=true","duration":0.4799160000000029,"failureMessages":[],"meta":{},"tags":[]},{"ancestorTitles":["buildDisplayMessages"],"fullName":"buildDisplayMessages first message always shows avatar","status":"passed","title":"first message always shows avatar","duration":0.132616999999982,"failureMessages":[],"meta":{},"tags":[]},{"ancestorTitles":["buildDisplayMessages"],"fullName":"buildDisplayMessages consecutive messages from same sender hide avatar","status":"passed","title":"consecutive messages from same sender hide avatar","duration":0.12031100000001516,"failureMessages":[],"meta":{},"tags":[]},{"ancestorTitles":["buildDisplayMessages"],"fullName":"buildDisplayMessages sender switch triggers avatar display","status":"passed","title":"sender switch triggers avatar display","duration":0.15931100000000242,"failureMessages":[],"meta":{},"tags":[]},{"ancestorTitles":["buildDisplayMessages"],"fullName":"buildDisplayMessages timeLabel is formatted correctly","status":"passed","title":"timeLabel is formatted correctly","duration":0.27864400000009937,"failureMessages":[],"meta":{},"tags":[]},{"ancestorTitles":["buildDisplayMessages"],"fullName":"buildDisplayMessages preserves all original fields","status":"passed","title":"preserves all original fields","duration":0.2737400000000889,"failureMessages":[],"meta":{},"tags":[]},{"ancestorTitles":["buildDisplayMessages"],"fullName":"buildDisplayMessages empty array returns empty","status":"passed","title":"empty array returns empty","duration":0.6924840000000358,"failureMessages":[],"meta":{},"tags":[]},{"ancestorTitles":["buildDisplayMessages"],"fullName":"buildDisplayMessages length matches input","status":"passed","title":"length matches input","duration":0.25299699999993663,"failureMessages":[],"meta":{},"tags":[]},{"ancestorTitles":["paginate"],"fullName":"paginate returns first page correctly","status":"passed","title":"returns first page correctly","duration":0.7593329999999696,"failureMessages":[],"meta":{},"tags":[]},{"ancestorTitles":["paginate"],"fullName":"paginate returns second page correctly","status":"passed","title":"returns second page correctly","duration":0.32501400000001013,"failureMessages":[],"meta":{},"tags":[]},{"ancestorTitles":["paginate"],"fullName":"paginate returns partial last page","status":"passed","title":"returns partial last page","duration":0.30133699999998953,"failureMessages":[],"meta":{},"tags":[]},{"ancestorTitles":["paginate"],"fullName":"paginate returns empty array past last page","status":"passed","title":"returns empty array past last page","duration":0.24858000000006086,"failureMessages":[],"meta":{},"tags":[]},{"ancestorTitles":["paginate"],"fullName":"paginate page size equal to length returns all","status":"passed","title":"page size equal to length returns all","duration":0.15624400000001515,"failureMessages":[],"meta":{},"tags":[]},{"ancestorTitles":["totalPages"],"fullName":"totalPages exact division","status":"passed","title":"exact division","duration":0.08999200000005203,"failureMessages":[],"meta":{},"tags":[]},{"ancestorTitles":["totalPages"],"fullName":"totalPages rounds up when not exact","status":"passed","title":"rounds up when not exact","duration":0.0671310000000176,"failureMessages":[],"meta":{},"tags":[]},{"ancestorTitles":["totalPages"],"fullName":"totalPages returns 0 for 0 items","status":"passed","title":"returns 0 for 0 items","duration":1.0552139999999781,"failureMessages":[],"meta":{},"tags":[]},{"ancestorTitles":["totalPages"],"fullName":"totalPages returns 0 for pageSize 0","status":"passed","title":"returns 0 for pageSize 0","duration":0.08894399999996949,"failureMessages":[],"meta":{},"tags":[]},{"ancestorTitles":["totalPages"],"fullName":"totalPages single item is one page","status":"passed","title":"single item is one page","duration":0.06223899999997684,"failureMessages":[],"meta":{},"tags":[]},{"ancestorTitles":["clampPage"],"fullName":"clampPage clamps below 0 to 0","status":"passed","title":"clamps below 0 to 0","duration":0.07853000000000065,"failureMessages":[],"meta":{},"tags":[]},{"ancestorTitles":["clampPage"],"fullName":"clampPage clamps above maxPage to maxPage","status":"passed","title":"clamps above maxPage to maxPage","duration":0.14326199999993605,"failureMessages":[],"meta":{},"tags":[]},{"ancestorTitles":["clampPage"],"fullName":"clampPage returns value unchanged when in range","status":"passed","title":"returns value unchanged when in range","duration":0.05736000000001695,"failureMessages":[],"meta":{},"tags":[]},{"ancestorTitles":["clampPage"],"fullName":"clampPage boundary: 0 is valid","status":"passed","title":"boundary: 0 is valid","duration":0.05059700000003886,"failureMessages":[],"meta":{},"tags":[]},{"ancestorTitles":["clampPage"],"fullName":"clampPage boundary: maxPage is valid","status":"passed","title":"boundary: maxPage is valid","duration":0.1367880000000241,"failureMessages":[],"meta":{},"tags":[]},{"ancestorTitles":["getBannerVariant"],"fullName":"getBannerVariant online returns null (no banner)","status":"passed","title":"online returns null (no banner)","duration":0.08931700000005094,"failureMessages":[],"meta":{},"tags":[]},{"ancestorTitles":["getBannerVariant"],"fullName":"getBannerVariant reconnecting returns warning","status":"passed","title":"reconnecting returns warning","duration":0.05464000000006308,"failureMessages":[],"meta":{},"tags":[]},{"ancestorTitles":["getBannerVariant"],"fullName":"getBannerVariant offline returns error","status":"passed","title":"offline returns error","duration":0.05071199999997589,"failureMessages":[],"meta":{},"tags":[]},{"ancestorTitles":["getBannerMessage"],"fullName":"getBannerMessage online shows peer count","status":"passed","title":"online shows peer count","duration":0.07092499999998836,"failureMessages":[],"meta":{},"tags":[]},{"ancestorTitles":["getBannerMessage"],"fullName":"getBannerMessage online singular peer uses correct grammar","status":"passed","title":"online singular peer uses correct grammar","duration":0.04902199999992263,"failureMessages":[],"meta":{},"tags":[]},{"ancestorTitles":["getBannerMessage"],"fullName":"getBannerMessage reconnecting shows reconnecting message","status":"passed","title":"reconnecting shows reconnecting message","duration":0.04535600000008344,"failureMessages":[],"meta":{},"tags":[]},{"ancestorTitles":["getBannerMessage"],"fullName":"getBannerMessage offline shows queue message","status":"passed","title":"offline shows queue message","duration":0.04382199999997738,"failureMessages":[],"meta":{},"tags":[]},{"ancestorTitles":["filterMessages"],"fullName":"filterMessages empty query returns all messages","status":"passed","title":"empty query returns all messages","duration":0.21451600000000326,"failureMessages":[],"meta":{},"tags":[]},{"ancestorTitles":["filterMessages"],"fullName":"filterMessages whitespace-only query returns all","status":"passed","title":"whitespace-only query returns all","duration":0.11689499999999953,"failureMessages":[],"meta":{},"tags":[]},{"ancestorTitles":["filterMessages"],"fullName":"filterMessages case-insensitive search","status":"passed","title":"case-insensitive search","duration":0.281174999999962,"failureMessages":[],"meta":{},"tags":[]},{"ancestorTitles":["filterMessages"],"fullName":"filterMessages partial match works","status":"passed","title":"partial match works","duration":0.09941799999990053,"failureMessages":[],"meta":{},"tags":[]},{"ancestorTitles":["filterMessages"],"fullName":"filterMessages no match returns empty array","status":"passed","title":"no match returns empty array","duration":0.61883499999999,"failureMessages":[],"meta":{},"tags":[]},{"ancestorTitles":["filterMessages"],"fullName":"filterMessages searches message text content case-insensitively","status":"passed","title":"searches message text content case-insensitively","duration":0.1767659999999296,"failureMessages":[],"meta":{},"tags":[]}],"startTime":1780846701666,"endTime":1780846701680.1768,"status":"passed","message":"","name":"/home/runner/workspace/tests/ui/state.test.ts"},{"assertionResults":[{"ancestorTitles":["generateKeyPair"],"fullName":"generateKeyPair produces a public and private key","status":"passed","title":"produces a public and private key","duration":2.3154890000000705,"failureMessages":[],"meta":{},"tags":[]},{"ancestorTitles":["generateKeyPair"],"fullName":"generateKeyPair public key length is 64 hex chars (32 bytes)","status":"passed","title":"public key length is 64 hex chars (32 bytes)","duration":3.118180000000052,"failureMessages":[],"meta":{},"tags":[]},{"ancestorTitles":["generateKeyPair"],"fullName":"generateKeyPair id is the first 8 chars of public key","status":"passed","title":"id is the first 8 chars of public key","duration":1.8784400000000687,"failureMessages":[],"meta":{},"tags":[]},{"ancestorTitles":["generateKeyPair"],"fullName":"generateKeyPair two generated pairs are different","status":"passed","title":"two generated pairs are different","duration":2.605739999999969,"failureMessages":[],"meta":{},"tags":[]},{"ancestorTitles":["keyFingerprint"],"fullName":"keyFingerprint returns the first 8 chars of the public key","status":"passed","title":"returns the first 8 chars of the public key","duration":0.5714899999999261,"failureMessages":[],"meta":{},"tags":[]},{"ancestorTitles":["keyFingerprint"],"fullName":"keyFingerprint fingerprint is 8 characters long","status":"passed","title":"fingerprint is 8 characters long","duration":0.811552000000006,"failureMessages":[],"meta":{},"tags":[]},{"ancestorTitles":["isKeyExpired"],"fullName":"isKeyExpired key is not expired within maxAge","status":"passed","title":"key is not expired within maxAge","duration":0.57492400000001,"failureMessages":[],"meta":{},"tags":[]},{"ancestorTitles":["isKeyExpired"],"fullName":"isKeyExpired key is expired past maxAge","status":"passed","title":"key is expired past maxAge","duration":0.669809999999984,"failureMessages":[],"meta":{},"tags":[]},{"ancestorTitles":["isKeyExpired"],"fullName":"isKeyExpired key is not expired at exact boundary","status":"passed","title":"key is not expired at exact boundary","duration":0.5901999999999816,"failureMessages":[],"meta":{},"tags":[]},{"ancestorTitles":["isKeyExpired"],"fullName":"isKeyExpired newly created key is never expired","status":"passed","title":"newly created key is never expired","duration":1.5548699999999371,"failureMessages":[],"meta":{},"tags":[]},{"ancestorTitles":["rotateKey"],"fullName":"rotateKey produces a different key from the current one","status":"passed","title":"produces a different key from the current one","duration":3.298243999999954,"failureMessages":[],"meta":{},"tags":[]},{"ancestorTitles":["rotateKey"],"fullName":"rotateKey rotated key has the given creation time","status":"passed","title":"rotated key has the given creation time","duration":2.909898999999996,"failureMessages":[],"meta":{},"tags":[]},{"ancestorTitles":["rotateKey"],"fullName":"rotateKey rotated key has all required fields","status":"passed","title":"rotated key has all required fields","duration":2.262263999999959,"failureMessages":[],"meta":{},"tags":[]},{"ancestorTitles":["encryptEnvelope + decryptEnvelope"],"fullName":"encryptEnvelope + decryptEnvelope decrypted plaintext matches original","status":"passed","title":"decrypted plaintext matches original","duration":2.5837149999999838,"failureMessages":[],"meta":{},"tags":[]},{"ancestorTitles":["encryptEnvelope + decryptEnvelope"],"fullName":"encryptEnvelope + decryptEnvelope envelope contains a keyId","status":"passed","title":"envelope contains a keyId","duration":4.091764999999896,"failureMessages":[],"meta":{},"tags":[]},{"ancestorTitles":["encryptEnvelope + decryptEnvelope"],"fullName":"encryptEnvelope + decryptEnvelope envelope ciphertext differs from plaintext","status":"passed","title":"envelope ciphertext differs from plaintext","duration":1.4923160000000735,"failureMessages":[],"meta":{},"tags":[]},{"ancestorTitles":["encryptEnvelope + decryptEnvelope"],"fullName":"encryptEnvelope + decryptEnvelope tag is present and non-empty","status":"passed","title":"tag is present and non-empty","duration":2.38905299999999,"failureMessages":[],"meta":{},"tags":[]},{"ancestorTitles":["encryptEnvelope + decryptEnvelope"],"fullName":"encryptEnvelope + decryptEnvelope different plaintexts produce different ciphertexts","status":"passed","title":"different plaintexts produce different ciphertexts","duration":0.9069859999999608,"failureMessages":[],"meta":{},"tags":[]},{"ancestorTitles":["encryptEnvelope + decryptEnvelope"],"fullName":"encryptEnvelope + decryptEnvelope encrypts empty string without error","status":"passed","title":"encrypts empty string without error","duration":0.9078539999999293,"failureMessages":[],"meta":{},"tags":[]},{"ancestorTitles":["verifyTag"],"fullName":"verifyTag returns true for authentic envelope","status":"passed","title":"returns true for authentic envelope","duration":1.0202729999999747,"failureMessages":[],"meta":{},"tags":[]},{"ancestorTitles":["verifyTag"],"fullName":"verifyTag returns false when tag is tampered","status":"passed","title":"returns false when tag is tampered","duration":0.6144130000000132,"failureMessages":[],"meta":{},"tags":[]},{"ancestorTitles":["verifyTag"],"fullName":"verifyTag returns false when ciphertext is tampered","status":"passed","title":"returns false when ciphertext is tampered","duration":0.6265069999999469,"failureMessages":[],"meta":{},"tags":[]},{"ancestorTitles":["verifyTag"],"fullName":"verifyTag returns false with wrong key","status":"passed","title":"returns false with wrong key","duration":1.6060710000000427,"failureMessages":[],"meta":{},"tags":[]},{"ancestorTitles":["verifyTag"],"fullName":"verifyTag decryptEnvelope throws on tampered tag","status":"passed","title":"decryptEnvelope throws on tampered tag","duration":1.8803740000000744,"failureMessages":[],"meta":{},"tags":[]},{"ancestorTitles":["selectActiveKey"],"fullName":"selectActiveKey returns null when all keys are expired","status":"passed","title":"returns null when all keys are expired","duration":0.7194469999999455,"failureMessages":[],"meta":{},"tags":[]},{"ancestorTitles":["selectActiveKey"],"fullName":"selectActiveKey returns the newest non-expired key","status":"passed","title":"returns the newest non-expired key","duration":1.8714279999999235,"failureMessages":[],"meta":{},"tags":[]},{"ancestorTitles":["selectActiveKey"],"fullName":"selectActiveKey returns null for empty key list","status":"passed","title":"returns null for empty key list","duration":0.1085009999999329,"failureMessages":[],"meta":{},"tags":[]}],"startTime":1780846701764,"endTime":1780846701808.1084,"status":"passed","message":"","name":"/home/runner/workspace/tests/security/encryption.test.ts"},{"assertionResults":[{"ancestorTitles":["parseLocalName"],"fullName":"parseLocalName decodes ASCII bytes to string","status":"passed","title":"decodes ASCII bytes to string","duration":2.757694000000015,"failureMessages":[],"meta":{},"tags":[]},{"ancestorTitles":["parseLocalName"],"fullName":"parseLocalName returns empty string for empty array","status":"passed","title":"returns empty string for empty array","duration":0.4168359999999893,"failureMessages":[],"meta":{},"tags":[]},{"ancestorTitles":["parseLocalName"],"fullName":"parseLocalName decodes single character","status":"passed","title":"decodes single character","duration":0.2917700000000423,"failureMessages":[],"meta":{},"tags":[]},{"ancestorTitles":["parseLocalName"],"fullName":"parseLocalName preserves special characters in range","status":"passed","title":"preserves special characters in range","duration":0.20281999999997424,"failureMessages":[],"meta":{},"tags":[]},{"ancestorTitles":["parseManufacturerData"],"fullName":"parseManufacturerData extracts company ID in little-endian order","status":"passed","title":"extracts company ID in little-endian order","duration":1.1204119999999875,"failureMessages":[],"meta":{},"tags":[]},{"ancestorTitles":["parseManufacturerData"],"fullName":"parseManufacturerData returns empty object for single byte input","status":"passed","title":"returns empty object for single byte input","duration":0.25386200000002646,"failureMessages":[],"meta":{},"tags":[]},{"ancestorTitles":["parseManufacturerData"],"fullName":"parseManufacturerData returns empty object for empty input","status":"passed","title":"returns empty object for empty input","duration":0.13218300000005456,"failureMessages":[],"meta":{},"tags":[]},{"ancestorTitles":["parseManufacturerData"],"fullName":"parseManufacturerData handles multi-byte payload","status":"passed","title":"handles multi-byte payload","duration":0.1832560000000285,"failureMessages":[],"meta":{},"tags":[]},{"ancestorTitles":["filterByRssi"],"fullName":"filterByRssi keeps devices at or above threshold","status":"passed","title":"keeps devices at or above threshold","duration":1.2153920000000653,"failureMessages":[],"meta":{},"tags":[]},{"ancestorTitles":["filterByRssi"],"fullName":"filterByRssi rejects all below threshold","status":"passed","title":"rejects all below threshold","duration":0.3436780000000681,"failureMessages":[],"meta":{},"tags":[]},{"ancestorTitles":["filterByRssi"],"fullName":"filterByRssi returns all when threshold is very low","status":"passed","title":"returns all when threshold is very low","duration":0.46701500000006035,"failureMessages":[],"meta":{},"tags":[]},{"ancestorTitles":["filterByRssi"],"fullName":"filterByRssi returns empty array for empty input","status":"passed","title":"returns empty array for empty input","duration":0.22379000000000815,"failureMessages":[],"meta":{},"tags":[]},{"ancestorTitles":["filterByRssi"],"fullName":"filterByRssi handles exact boundary match inclusive","status":"passed","title":"handles exact boundary match inclusive","duration":0.24974599999995917,"failureMessages":[],"meta":{},"tags":[]},{"ancestorTitles":["matchesMauriService"],"fullName":"matchesMauriService matches device with correct service UUID","status":"passed","title":"matches device with correct service UUID","duration":0.33714499999996406,"failureMessages":[],"meta":{},"tags":[]},{"ancestorTitles":["matchesMauriService"],"fullName":"matchesMauriService case-insensitive UUID match","status":"passed","title":"case-insensitive UUID match","duration":0.307205999999951,"failureMessages":[],"meta":{},"tags":[]},{"ancestorTitles":["matchesMauriService"],"fullName":"matchesMauriService rejects device without service UUID","status":"passed","title":"rejects device without service UUID","duration":0.1089200000000119,"failureMessages":[],"meta":{},"tags":[]},{"ancestorTitles":["matchesMauriService"],"fullName":"matchesMauriService rejects device with wrong service UUID","status":"passed","title":"rejects device with wrong service UUID","duration":0.0776779999999917,"failureMessages":[],"meta":{},"tags":[]},{"ancestorTitles":["deduplicateDevices"],"fullName":"deduplicateDevices keeps device with stronger signal when duplicated","status":"passed","title":"keeps device with stronger signal when duplicated","duration":0.3229149999999663,"failureMessages":[],"meta":{},"tags":[]},{"ancestorTitles":["deduplicateDevices"],"fullName":"deduplicateDevices keeps all devices when no duplicates","status":"passed","title":"keeps all devices when no duplicates","duration":0.15937700000006316,"failureMessages":[],"meta":{},"tags":[]},{"ancestorTitles":["deduplicateDevices"],"fullName":"deduplicateDevices returns empty array for empty input","status":"passed","title":"returns empty array for empty input","duration":1.2952960000000076,"failureMessages":[],"meta":{},"tags":[]},{"ancestorTitles":["deduplicateDevices"],"fullName":"deduplicateDevices handles single device","status":"passed","title":"handles single device","duration":0.17030900000008842,"failureMessages":[],"meta":{},"tags":[]},{"ancestorTitles":["deduplicateDevices"],"fullName":"deduplicateDevices collapses three duplicates into the strongest","status":"passed","title":"collapses three duplicates into the strongest","duration":0.18792199999995773,"failureMessages":[],"meta":{},"tags":[]},{"ancestorTitles":["buildScanFilter"],"fullName":"buildScanFilter includes the given service UUID","status":"passed","title":"includes the given service UUID","duration":0.3979979999999159,"failureMessages":[],"meta":{},"tags":[]},{"ancestorTitles":["buildScanFilter"],"fullName":"buildScanFilter sets low-latency mode for weak signal threshold","status":"passed","title":"sets low-latency mode for weak signal threshold","duration":0.10108900000000176,"failureMessages":[],"meta":{},"tags":[]},{"ancestorTitles":["buildScanFilter"],"fullName":"buildScanFilter sets balanced mode for normal signal threshold","status":"passed","title":"sets balanced mode for normal signal threshold","duration":0.07083599999998569,"failureMessages":[],"meta":{},"tags":[]},{"ancestorTitles":["buildScanFilter"],"fullName":"buildScanFilter preserves rssiThreshold exactly","status":"passed","title":"preserves rssiThreshold exactly","duration":0.11617200000000594,"failureMessages":[],"meta":{},"tags":[]},{"ancestorTitles":["rankDevicesBySignal"],"fullName":"rankDevicesBySignal sorts descending by rssi (strongest first)","status":"passed","title":"sorts descending by rssi (strongest first)","duration":0.17420000000004165,"failureMessages":[],"meta":{},"tags":[]},{"ancestorTitles":["rankDevicesBySignal"],"fullName":"rankDevicesBySignal returns empty array for empty input","status":"passed","title":"returns empty array for empty input","duration":0.07292499999994106,"failureMessages":[],"meta":{},"tags":[]},{"ancestorTitles":["rankDevicesBySignal"],"fullName":"rankDevicesBySignal does not mutate the original array","status":"passed","title":"does not mutate the original array","duration":0.13197500000001128,"failureMessages":[],"meta":{},"tags":[]},{"ancestorTitles":["rankDevicesBySignal"],"fullName":"rankDevicesBySignal handles single element","status":"passed","title":"handles single element","duration":0.1262890000000425,"failureMessages":[],"meta":{},"tags":[]}],"startTime":1780846701712,"endTime":1780846701725.1743,"status":"passed","message":"","name":"/home/runner/workspace/tests/ble/discovery.test.ts"}]}