{"numTotalTestSuites":26,"numPassedTestSuites":25,"numFailedTestSuites":1,"numPendingTestSuites":0,"numTotalTests":87,"numPassedTests":87,"numFailedTests":0,"numPendingTests":0,"numTodoTests":0,"snapshot":{"added":0,"failure":false,"filesAdded":0,"filesRemoved":0,"filesRemovedList":[],"filesUnmatched":0,"filesUpdated":0,"matched":0,"total":0,"unchecked":0,"uncheckedKeysByFile":[],"unmatched":0,"updated":0,"didUpdate":false},"startTime":1780824666017,"success":false,"testResults":[{"assertionResults":[],"startTime":1780824666017,"endTime":1780824666017,"status":"failed","message":"Cannot find module '../../artifacts/messenger-mobile/lib/mesh-core/MeshDuplicateGuard' imported from /home/runner/workspace/tests/mesh/mesh-dedup.test.ts","name":"/home/runner/workspace/tests/mesh/mesh-dedup.test.ts"},{"assertionResults":[{"ancestorTitles":["buildGraph"],"fullName":"buildGraph creates a node map with all nodes","status":"passed","title":"creates a node map with all nodes","duration":1.59996000000001,"failureMessages":[],"meta":{},"tags":[]},{"ancestorTitles":["buildGraph"],"fullName":"buildGraph stores node online status correctly","status":"passed","title":"stores node online status correctly","duration":0.20302099999992151,"failureMessages":[],"meta":{},"tags":[]},{"ancestorTitles":["buildGraph"],"fullName":"buildGraph stores all edges","status":"passed","title":"stores all edges","duration":0.7816579999999931,"failureMessages":[],"meta":{},"tags":[]},{"ancestorTitles":["buildGraph"],"fullName":"buildGraph allows empty graph","status":"passed","title":"allows empty graph","duration":0.25762299999996685,"failureMessages":[],"meta":{},"tags":[]},{"ancestorTitles":["buildGraph"],"fullName":"buildGraph single node graph","status":"passed","title":"single node graph","duration":0.3260360000000446,"failureMessages":[],"meta":{},"tags":[]},{"ancestorTitles":["buildGraph"],"fullName":"buildGraph preserves edge quality values","status":"passed","title":"preserves edge quality values","duration":0.15576599999997143,"failureMessages":[],"meta":{},"tags":[]},{"ancestorTitles":["getNeighbors"],"fullName":"getNeighbors returns edges connected to node","status":"passed","title":"returns edges connected to node","duration":0.1615079999999125,"failureMessages":[],"meta":{},"tags":[]},{"ancestorTitles":["getNeighbors"],"fullName":"getNeighbors includes edges in both directions","status":"passed","title":"includes edges in both directions","duration":0.11684199999990597,"failureMessages":[],"meta":{},"tags":[]},{"ancestorTitles":["getNeighbors"],"fullName":"getNeighbors returns empty for isolated node","status":"passed","title":"returns empty for isolated node","duration":0.318147999999951,"failureMessages":[],"meta":{},"tags":[]},{"ancestorTitles":["getNeighbors"],"fullName":"getNeighbors filters out zero-quality edges","status":"passed","title":"filters out zero-quality edges","duration":0.47569099999998343,"failureMessages":[],"meta":{},"tags":[]},{"ancestorTitles":["shortestPath"],"fullName":"shortestPath finds direct path A→B","status":"passed","title":"finds direct path A→B","duration":0.429204000000027,"failureMessages":[],"meta":{},"tags":[]},{"ancestorTitles":["shortestPath"],"fullName":"shortestPath finds multi-hop path A→C","status":"passed","title":"finds multi-hop path A→C","duration":0.29948400000000674,"failureMessages":[],"meta":{},"tags":[]},{"ancestorTitles":["shortestPath"],"fullName":"shortestPath returns null when destination is offline","status":"passed","title":"returns null when destination is offline","duration":0.1447889999999461,"failureMessages":[],"meta":{},"tags":[]},{"ancestorTitles":["shortestPath"],"fullName":"shortestPath returns null when source is offline","status":"passed","title":"returns null when source is offline","duration":0.7202919999999722,"failureMessages":[],"meta":{},"tags":[]},{"ancestorTitles":["shortestPath"],"fullName":"shortestPath same source and destination returns 0-hop route","status":"passed","title":"same source and destination returns 0-hop route","duration":0.3093499999999949,"failureMessages":[],"meta":{},"tags":[]},{"ancestorTitles":["shortestPath"],"fullName":"shortestPath prefers higher quality path","status":"passed","title":"prefers higher quality path","duration":0.21862700000008317,"failureMessages":[],"meta":{},"tags":[]},{"ancestorTitles":["shortestPath"],"fullName":"shortestPath respects maxHops limit","status":"passed","title":"respects maxHops limit","duration":0.20517499999994016,"failureMessages":[],"meta":{},"tags":[]},{"ancestorTitles":["shortestPath"],"fullName":"shortestPath returns null for unknown source node","status":"passed","title":"returns null for unknown source node","duration":0.08421000000009826,"failureMessages":[],"meta":{},"tags":[]},{"ancestorTitles":["shortestPath"],"fullName":"shortestPath quality is minimum of all edge qualities on path","status":"passed","title":"quality is minimum of all edge qualities on path","duration":0.11738000000002557,"failureMessages":[],"meta":{},"tags":[]},{"ancestorTitles":["shortestPath"],"fullName":"shortestPath A→E path exists","status":"passed","title":"A→E path exists","duration":1.6378399999999829,"failureMessages":[],"meta":{},"tags":[]},{"ancestorTitles":["buildRouteTable"],"fullName":"buildRouteTable builds routes from origin to all online reachable nodes","status":"passed","title":"builds routes from origin to all online reachable nodes","duration":0.24191099999995913,"failureMessages":[],"meta":{},"tags":[]},{"ancestorTitles":["buildRouteTable"],"fullName":"buildRouteTable does not include offline nodes","status":"passed","title":"does not include offline nodes","duration":0.10623299999997471,"failureMessages":[],"meta":{},"tags":[]},{"ancestorTitles":["buildRouteTable"],"fullName":"buildRouteTable does not include origin itself","status":"passed","title":"does not include origin itself","duration":0.07944499999996424,"failureMessages":[],"meta":{},"tags":[]},{"ancestorTitles":["buildRouteTable"],"fullName":"buildRouteTable empty graph gives empty table","status":"passed","title":"empty graph gives empty table","duration":0.17301100000008773,"failureMessages":[],"meta":{},"tags":[]},{"ancestorTitles":["selectBestEdge"],"fullName":"selectBestEdge selects edge with highest quality","status":"passed","title":"selects edge with highest quality","duration":0.19096300000001065,"failureMessages":[],"meta":{},"tags":[]},{"ancestorTitles":["selectBestEdge"],"fullName":"selectBestEdge returns null for empty array","status":"passed","title":"returns null for empty array","duration":0.07817099999999755,"failureMessages":[],"meta":{},"tags":[]},{"ancestorTitles":["selectBestEdge"],"fullName":"selectBestEdge returns the single edge when only one","status":"passed","title":"returns the single edge when only one","duration":0.3850950000000921,"failureMessages":[],"meta":{},"tags":[]},{"ancestorTitles":["route_failover_3_hop"],"fullName":"route_failover_3_hop falls back to a 3-hop relay path when primary 1-hop relay is offline","status":"passed","title":"falls back to a 3-hop relay path when primary 1-hop relay is offline","duration":0.3384600000000546,"failureMessages":[],"meta":{},"tags":[]},{"ancestorTitles":["route_failover_3_hop"],"fullName":"route_failover_3_hop 3-hop fallback path quality is bounded by the minimum edge quality","status":"passed","title":"3-hop fallback path quality is bounded by the minimum edge quality","duration":0.19495599999993374,"failureMessages":[],"meta":{},"tags":[]},{"ancestorTitles":["route_failover_3_hop"],"fullName":"route_failover_3_hop does not route through offline relay even when it would produce fewer hops","status":"passed","title":"does not route through offline relay even when it would produce fewer hops","duration":0.41076299999997445,"failureMessages":[],"meta":{},"tags":[]},{"ancestorTitles":["route_failover_3_hop"],"fullName":"route_failover_3_hop relay retry simulation: packet delivered on second attempt after initial failure","status":"passed","title":"relay retry simulation: packet delivered on second attempt after initial failure","duration":0.11937699999998586,"failureMessages":[],"meta":{},"tags":[]},{"ancestorTitles":["route_failover_3_hop"],"fullName":"route_failover_3_hop packet with ttl=0 is never delivered even on retry","status":"passed","title":"packet with ttl=0 is never delivered even on retry","duration":0.07355200000006334,"failureMessages":[],"meta":{},"tags":[]},{"ancestorTitles":["route_failover_3_hop"],"fullName":"route_failover_3_hop stale-peer cleanup removes offline nodes from routing consideration","status":"passed","title":"stale-peer cleanup removes offline nodes from routing consideration","duration":0.9447920000000067,"failureMessages":[],"meta":{},"tags":[]},{"ancestorTitles":["PacketDeduplicator"],"fullName":"PacketDeduplicator first occurrence is not a duplicate","status":"passed","title":"first occurrence is not a duplicate","duration":0.5019310000000132,"failureMessages":[],"meta":{},"tags":[]},{"ancestorTitles":["PacketDeduplicator"],"fullName":"PacketDeduplicator second occurrence of same ID is a duplicate","status":"passed","title":"second occurrence of same ID is a duplicate","duration":0.11426699999992707,"failureMessages":[],"meta":{},"tags":[]},{"ancestorTitles":["PacketDeduplicator"],"fullName":"PacketDeduplicator different packet IDs are not duplicates of each other","status":"passed","title":"different packet IDs are not duplicates of each other","duration":0.07726700000000619,"failureMessages":[],"meta":{},"tags":[]},{"ancestorTitles":["PacketDeduplicator"],"fullName":"PacketDeduplicator packet seen after TTL expiry is not duplicate","status":"passed","title":"packet seen after TTL expiry is not duplicate","duration":0.07327500000008058,"failureMessages":[],"meta":{},"tags":[]},{"ancestorTitles":["PacketDeduplicator"],"fullName":"PacketDeduplicator size increments for each unique packet","status":"passed","title":"size increments for each unique packet","duration":0.07344200000000001,"failureMessages":[],"meta":{},"tags":[]},{"ancestorTitles":["PacketDeduplicator"],"fullName":"PacketDeduplicator size does not grow for duplicates","status":"passed","title":"size does not grow for duplicates","duration":0.07800000000008822,"failureMessages":[],"meta":{},"tags":[]},{"ancestorTitles":["PacketDeduplicator"],"fullName":"PacketDeduplicator eviction reduces size after TTL","status":"passed","title":"eviction reduces size after TTL","duration":1.433952999999974,"failureMessages":[],"meta":{},"tags":[]}],"startTime":1780824666923,"endTime":1780824666938.4338,"status":"passed","message":"","name":"/home/runner/workspace/tests/mesh/routing.test.ts"},{"assertionResults":[{"ancestorTitles":["SelfGovernanceRoutingEngine — relay routing"],"fullName":"SelfGovernanceRoutingEngine — relay routing approves a direct route when the target peer is visible and strong","status":"passed","title":"approves a direct route when the target peer is visible and strong","duration":3.479110999999989,"failureMessages":[],"meta":{},"tags":[]},{"ancestorTitles":["SelfGovernanceRoutingEngine — relay routing"],"fullName":"SelfGovernanceRoutingEngine — relay routing approves a relay route when the target is not directly visible","status":"passed","title":"approves a relay route when the target is not directly visible","duration":0.4129879999999275,"failureMessages":[],"meta":{},"tags":[]},{"ancestorTitles":["SelfGovernanceRoutingEngine — relay routing"],"fullName":"SelfGovernanceRoutingEngine — relay routing stores the packet for later when no peer is visible at all","status":"passed","title":"stores the packet for later when no peer is visible at all","duration":0.24273799999991752,"failureMessages":[],"meta":{},"tags":[]},{"ancestorTitles":["SelfGovernanceRoutingEngine — relay routing"],"fullName":"SelfGovernanceRoutingEngine — relay routing blocks a packet it has already seen (loop prevention)","status":"passed","title":"blocks a packet it has already seen (loop prevention)","duration":0.18528300000002673,"failureMessages":[],"meta":{},"tags":[]},{"ancestorTitles":["SelfGovernanceRoutingEngine — self-learning"],"fullName":"SelfGovernanceRoutingEngine — self-learning raises a peer's route score after successful deliveries","status":"passed","title":"raises a peer's route score after successful deliveries","duration":0.5653739999999061,"failureMessages":[],"meta":{},"tags":[]},{"ancestorTitles":["SelfGovernanceRoutingEngine — self-learning"],"fullName":"SelfGovernanceRoutingEngine — self-learning quarantines a peer whose trust collapses after repeated failures","status":"passed","title":"quarantines a peer whose trust collapses after repeated failures","duration":0.20490399999994224,"failureMessages":[],"meta":{},"tags":[]},{"ancestorTitles":["SelfGovernanceRoutingEngine — self-healing"],"fullName":"SelfGovernanceRoutingEngine — self-healing rehabilitates a quarantined peer once its cooldown has elapsed","status":"passed","title":"rehabilitates a quarantined peer once its cooldown has elapsed","duration":0.8985920000000078,"failureMessages":[],"meta":{},"tags":[]},{"ancestorTitles":["SelfGovernanceRoutingEngine — self-healing"],"fullName":"SelfGovernanceRoutingEngine — self-healing rehabilitates a struggling peer immediately on a recovering success","status":"passed","title":"rehabilitates a struggling peer immediately on a recovering success","duration":0.486774999999966,"failureMessages":[],"meta":{},"tags":[]},{"ancestorTitles":["SelfGovernanceRoutingEngine — MauriAI traffic control"],"fullName":"SelfGovernanceRoutingEngine — MauriAI traffic control spreads relay traffic across equally-strong peers under congestion","status":"passed","title":"spreads relay traffic across equally-strong peers under congestion","duration":1.1349099999999908,"failureMessages":[],"meta":{},"tags":[]},{"ancestorTitles":["SelfGovernanceRoutingEngine — state lifecycle"],"fullName":"SelfGovernanceRoutingEngine — state lifecycle removePeer purges the peer along with its quarantine and traffic state","status":"passed","title":"removePeer purges the peer along with its quarantine and traffic state","duration":0.5353900000000067,"failureMessages":[],"meta":{},"tags":[]},{"ancestorTitles":["SelfGovernanceRoutingEngine — state lifecycle"],"fullName":"SelfGovernanceRoutingEngine — state lifecycle does not strand quarantine state for peers that have been removed","status":"passed","title":"does not strand quarantine state for peers that have been removed","duration":0.3862900000000309,"failureMessages":[],"meta":{},"tags":[]}],"startTime":1780824667108,"endTime":1780824667117.3862,"status":"passed","message":"","name":"/home/runner/workspace/tests/mesh/self-governance-engine.test.ts"},{"assertionResults":[{"ancestorTitles":["register"],"fullName":"register adds packet to pending","status":"passed","title":"adds packet to pending","duration":1.7843149999999923,"failureMessages":[],"meta":{},"tags":[]},{"ancestorTitles":["register"],"fullName":"register pending count grows with each registered packet","status":"passed","title":"pending count grows with each registered packet","duration":0.1824280000000158,"failureMessages":[],"meta":{},"tags":[]},{"ancestorTitles":["register"],"fullName":"register registered packet is immediately hasPending","status":"passed","title":"registered packet is immediately hasPending","duration":0.16652400000003809,"failureMessages":[],"meta":{},"tags":[]},{"ancestorTitles":["register"],"fullName":"register registered packet is not yet acked","status":"passed","title":"registered packet is not yet acked","duration":0.15312699999998358,"failureMessages":[],"meta":{},"tags":[]},{"ancestorTitles":["acknowledge"],"fullName":"acknowledge returns true for a pending packet","status":"passed","title":"returns true for a pending packet","duration":0.2868100000000027,"failureMessages":[],"meta":{},"tags":[]},{"ancestorTitles":["acknowledge"],"fullName":"acknowledge returns false for unknown packet","status":"passed","title":"returns false for unknown packet","duration":0.10918500000002496,"failureMessages":[],"meta":{},"tags":[]},{"ancestorTitles":["acknowledge"],"fullName":"acknowledge moves packet from pending to acked","status":"passed","title":"moves packet from pending to acked","duration":0.11867999999998347,"failureMessages":[],"meta":{},"tags":[]},{"ancestorTitles":["acknowledge"],"fullName":"acknowledge records correct round-trip time","status":"passed","title":"records correct round-trip time","duration":0.15462200000001758,"failureMessages":[],"meta":{},"tags":[]},{"ancestorTitles":["getTimedOut"],"fullName":"getTimedOut returns packets past their timeout","status":"passed","title":"returns packets past their timeout","duration":0.27117199999997865,"failureMessages":[],"meta":{},"tags":[]},{"ancestorTitles":["getTimedOut"],"fullName":"getTimedOut does not return packets within timeout","status":"passed","title":"does not return packets within timeout","duration":0.8239339999999515,"failureMessages":[],"meta":{},"tags":[]},{"ancestorTitles":["getTimedOut"],"fullName":"getTimedOut returns empty when no pending","status":"passed","title":"returns empty when no pending","duration":0.32096100000001115,"failureMessages":[],"meta":{},"tags":[]},{"ancestorTitles":["getTimedOut"],"fullName":"getTimedOut handles mix of timed-out and live packets","status":"passed","title":"handles mix of timed-out and live packets","duration":0.22446399999995492,"failureMessages":[],"meta":{},"tags":[]},{"ancestorTitles":["retry"],"fullName":"retry increments retry count","status":"passed","title":"increments retry count","duration":0.15040900000002466,"failureMessages":[],"meta":{},"tags":[]},{"ancestorTitles":["retry"],"fullName":"retry returns false for unknown packet","status":"passed","title":"returns false for unknown packet","duration":0.1708030000000349,"failureMessages":[],"meta":{},"tags":[]},{"ancestorTitles":["retry"],"fullName":"retry returns false when max retries reached","status":"passed","title":"returns false when max retries reached","duration":0.25039199999997663,"failureMessages":[],"meta":{},"tags":[]},{"ancestorTitles":["retry"],"fullName":"retry resets sentAt on retry to update the timeout clock","status":"passed","title":"resets sentAt on retry to update the timeout clock","duration":0.15610999999995556,"failureMessages":[],"meta":{},"tags":[]},{"ancestorTitles":["averageRoundTrip"],"fullName":"averageRoundTrip returns null when no acked packets","status":"passed","title":"returns null when no acked packets","duration":0.11610200000001214,"failureMessages":[],"meta":{},"tags":[]},{"ancestorTitles":["averageRoundTrip"],"fullName":"averageRoundTrip returns correct average across multiple packets","status":"passed","title":"returns correct average across multiple packets","duration":0.0983590000000163,"failureMessages":[],"meta":{},"tags":[]},{"ancestorTitles":["averageRoundTrip"],"fullName":"averageRoundTrip single packet average equals its round trip","status":"passed","title":"single packet average equals its round trip","duration":0.11454700000001594,"failureMessages":[],"meta":{},"tags":[]},{"ancestorTitles":["averageRoundTrip"],"fullName":"averageRoundTrip unacked packets do not affect average","status":"passed","title":"unacked packets do not affect average","duration":0.12419199999999364,"failureMessages":[],"meta":{},"tags":[]}],"startTime":1780824667551,"endTime":1780824667557.156,"status":"passed","message":"","name":"/home/runner/workspace/tests/protocol/ack-engine.test.ts"},{"assertionResults":[{"ancestorTitles":["enqueue"],"fullName":"enqueue adds a message and increases size","status":"passed","title":"adds a message and increases size","duration":1.7431980000000067,"failureMessages":[],"meta":{},"tags":[]},{"ancestorTitles":["enqueue"],"fullName":"enqueue returns false when queue is full","status":"passed","title":"returns false when queue is full","duration":0.18518100000005688,"failureMessages":[],"meta":{},"tags":[]},{"ancestorTitles":["enqueue"],"fullName":"enqueue multiple messages enqueue correctly","status":"passed","title":"multiple messages enqueue correctly","duration":0.22061100000007627,"failureMessages":[],"meta":{},"tags":[]},{"ancestorTitles":["enqueue"],"fullName":"enqueue isFull reflects capacity state","status":"passed","title":"isFull reflects capacity state","duration":0.18688399999996363,"failureMessages":[],"meta":{},"tags":[]},{"ancestorTitles":["dequeue"],"fullName":"dequeue returns null from empty queue","status":"passed","title":"returns null from empty queue","duration":0.24316799999996874,"failureMessages":[],"meta":{},"tags":[]},{"ancestorTitles":["dequeue"],"fullName":"dequeue removes and returns the message","status":"passed","title":"removes and returns the message","duration":0.14513699999997698,"failureMessages":[],"meta":{},"tags":[]},{"ancestorTitles":["dequeue"],"fullName":"dequeue prefers higher priority messages","status":"passed","title":"prefers higher priority messages","duration":0.25998199999992266,"failureMessages":[],"meta":{},"tags":[]},{"ancestorTitles":["dequeue"],"fullName":"dequeue at equal priority, FIFO ordering applies","status":"passed","title":"at equal priority, FIFO ordering applies","duration":0.17135299999995368,"failureMessages":[],"meta":{},"tags":[]},{"ancestorTitles":["dequeue"],"fullName":"dequeue filters by destination when specified","status":"passed","title":"filters by destination when specified","duration":0.32904099999996106,"failureMessages":[],"meta":{},"tags":[]},{"ancestorTitles":["dequeue"],"fullName":"dequeue returns null when destination has no messages","status":"passed","title":"returns null when destination has no messages","duration":0.1824699999999666,"failureMessages":[],"meta":{},"tags":[]},{"ancestorTitles":["pruneExpired"],"fullName":"pruneExpired removes messages past their TTL","status":"passed","title":"removes messages past their TTL","duration":0.2004180000000133,"failureMessages":[],"meta":{},"tags":[]},{"ancestorTitles":["pruneExpired"],"fullName":"pruneExpired keeps messages within TTL","status":"passed","title":"keeps messages within TTL","duration":0.21696799999995164,"failureMessages":[],"meta":{},"tags":[]},{"ancestorTitles":["pruneExpired"],"fullName":"pruneExpired handles mixed expired and live messages","status":"passed","title":"handles mixed expired and live messages","duration":0.103870000000029,"failureMessages":[],"meta":{},"tags":[]},{"ancestorTitles":["capacity and peek"],"fullName":"capacity and peek capacity returns configured max","status":"passed","title":"capacity returns configured max","duration":0.168884999999932,"failureMessages":[],"meta":{},"tags":[]},{"ancestorTitles":["capacity and peek"],"fullName":"capacity and peek peek returns highest priority without removing it","status":"passed","title":"peek returns highest priority without removing it","duration":0.23674099999993814,"failureMessages":[],"meta":{},"tags":[]},{"ancestorTitles":["capacity and peek"],"fullName":"capacity and peek peek returns null on empty queue","status":"passed","title":"peek returns null on empty queue","duration":0.13771200000007866,"failureMessages":[],"meta":{},"tags":[]}],"startTime":1780824667535,"endTime":1780824667540.2368,"status":"passed","message":"","name":"/home/runner/workspace/tests/protocol/store-forward.test.ts"}]}